2026-04-07 15:06:11.338 [info] Reading sessions from keychain...
2026-04-07 15:06:11.338 [info] Getting sessions for all scopes...
2026-04-07 15:06:11.338 [info] Got 0 sessions for ...
2026-04-07 15:06:11.338 [info] Getting sessions for all scopes...
2026-04-07 15:06:11.338 [info] Got 0 sessions for ...
2026-04-07 15:06:11.339 [info] Getting sessions for all scopes...
2026-04-07 15:06:11.339 [info] Got 0 sessions for ...
2026-04-07 15:06:11.339 [info] Getting sessions for all scopes...
2026-04-07 15:06:11.339 [info] Got 0 sessions for ...
2026-04-07 15:06:11.339 [info] Getting sessions for all scopes...
2026-04-07 15:06:11.339 [info] Got 0 sessions for ...
2026-04-07 15:06:11.339 [info] Getting sessions for all scopes...
2026-04-07 15:06:11.543 [info] Got 0 sessions for ...
2026-04-07 15:06:11.544 [info] Getting sessions for all scopes...
2026-04-07 15:06:11.544 [info] Got 0 sessions for ...
2026-04-07 15:06:11.544 [info] Getting sessions for user:email...
2026-04-07 15:06:11.544 [info] Got 0 sessions for user:email...
2026-04-07 15:06:11.544 [info] Getting sessions for read:user,repo,user:email,workflow...
2026-04-07 15:06:11.544 [info] Got 0 sessions for read:user,repo,user:email,workflow...
2026-04-07 15:06:11.544 [info] Getting sessions for all scopes...
2026-04-07 15:06:11.544 [info] Got 0 sessions for ...
2026-04-07 15:06:11.544 [info] Getting sessions for user:email...
2026-04-07 15:06:11.544 [info] Got 0 sessions for user:email...
2026-04-07 15:06:11.544 [info] Getting sessions for all scopes...
2026-04-07 15:06:11.544 [info] Got 0 sessions for ...
2026-04-07 15:06:11.544 [info] Getting sessions for all scopes...
2026-04-07 15:06:11.544 [info] Got 0 sessions for ...
2026-04-07 15:06:11.544 [info] Getting sessions for all scopes...
2026-04-07 15:06:11.544 [info] Got 0 sessions for ...
2026-04-07 15:06:11.544 [info] Getting sessions for user:email...
2026-04-07 15:06:11.544 [info] Got 0 sessions for user:email...
2026-04-07 15:06:11.544 [info] Getting sessions for read:user,repo,user:email,workflow...
2026-04-07 15:06:11.544 [info] Got 0 sessions for read:user,repo,user:email,workflow...
2026-04-07 15:06:16.067 [info] Getting sessions for all scopes...
2026-04-07 15:06:16.068 [info] Got 0 sessions for ...
